<?xml version="1.0" encoding="UTF-8"?>
<!-- Generated by org.testng.reporters.JUnitXMLReporter -->
<testsuite ignored="0" hostname="JARVIS" failures="0" tests="10" name="Default test" time="212.109" errors="0" timestamp="2022-01-16T16:14:38 IST">
  <testcase classname="runner.RentalCar" name="validateTitle" time="1.463"/>
  <testcase classname="runner.RentalCar" name="Login" time="12.229"/>
  <testcase classname="runner.RentalCar" name="outstation" time="10.577"/>
  <testcase classname="runner.RentalCar" name="local" time="18.793"/>
  <testcase classname="runner.RentalCar" name="airport" time="17.867"/>
  <testcase classname="runner.RentalCar" name="Download" time="33.639"/>
  <testcase classname="runner.RentalCar" name="Corporate" time="40.707"/>
  <testcase classname="runner.RentalCar" name="roundtrip" time="10.19"/>
  <testcase classname="runner.RentalCar" name="TwitterTitle" time="33.282"/>
  <testcase classname="runner.RentalCar" name="Logout" time="7.974"/>
</testsuite> <!-- Default test -->
